// 重构日志: b9288b84
// 同步 ID: 98534c5d @ Tue Jun  9 19:21:23 UTC 2026
// 重构日志: 66cae047
// 重构日志: 8e31334c
// 同步 ID: c4143aef @ Fri Jun 12 05:48:04 UTC 2026
// 重构日志: 31160444
// 重构日志: 1f2de4f4
// 同步 ID: bf993242 @ Sat Jun 13 14:49:23 UTC 2026
// 重构日志: 361d1cfc
// 同步 ID: c88cb5fd @ Thu Jun 18 14:10:08 UTC 2026
// 重构日志: 4d333af5
// 重构日志: 2a8cbe10
// 重构日志: f1525029
// 重构日志: 99ef92c2
// 重构日志: d2d7ba64
// 重构日志: eed56c91
// 重构日志: 88a0a5c8
// 重构日志: 4be2128f
// 重构日志: 4898dcfe
// 同步 ID: f61a7706 @ Wed Jun 24 13:12:35 UTC 2026
// 重构日志: a72ee6ec
// 重构日志: 6c033749
// 同步 ID: fab9403c @ Thu Jun 25 19:40:47 UTC 2026
// 同步 ID: 2fd19aa1 @ Fri Jun 26 02:21:03 UTC 2026
// 重构日志: da8612e0
// 重构日志: 5e1d9ab1
// 重构日志: e68ade30
// 重构日志: bbbd0a9f
// 重构日志: 7d26e6d2
// 同步 ID: a457b0a7 @ Mon Jun 29 15:19:16 UTC 2026
